TN:
SF:script/01_Deploy.s.sol
FN:10,AAE_TokenScript.setUp
FNDA:0,AAE_TokenScript.setUp
FN:12,AAE_TokenScript.run
FNDA:0,AAE_TokenScript.run
DA:13,0
DA:14,0
DA:15,0
DA:16,0
FNF:2
FNH:0
LF:4
LH:0
BRF:0
BRH:0
end_of_record
TN:
SF:src/AAE_Token.sol
FN:57,AAE_Token.transferOwnership
FNDA:4,AAE_Token.transferOwnership
DA:58,3
BRDA:58,0,0,1
BRDA:58,0,1,2
DA:59,2
DA:60,2
FN:64,AAE_Token.pause
FNDA:4,AAE_Token.pause
DA:65,4
DA:66,4
FN:70,AAE_Token.unpause
FNDA:2,AAE_Token.unpause
DA:71,1
DA:72,1
FN:78,AAE_Token.burn
FNDA:3,AAE_Token.burn
DA:79,3
BRDA:79,1,0,1
BRDA:79,1,1,2
DA:80,2
DA:81,2
DA:82,2
DA:83,2
FN:90,AAE_Token.transfer
FNDA:5,AAE_Token.transfer
DA:94,4
BRDA:94,2,0,1
BRDA:94,2,1,3
DA:95,3
BRDA:95,3,0,1
BRDA:95,3,1,2
DA:96,2
DA:97,2
DA:98,2
DA:99,2
FN:105,AAE_Token.balanceOf
FNDA:9,AAE_Token.balanceOf
DA:106,9
FN:114,AAE_Token.transferFrom
FNDA:10,AAE_Token.transferFrom
DA:119,8
BRDA:119,4,0,1
BRDA:119,4,1,7
DA:120,7
BRDA:120,5,0,1
BRDA:120,5,1,6
DA:121,6
BRDA:121,6,0,3
BRDA:121,6,1,3
DA:125,3
BRDA:125,7,0,1
BRDA:125,7,1,2
DA:126,2
DA:127,2
DA:128,2
DA:129,2
DA:130,2
FN:137,AAE_Token.approve
FNDA:13,AAE_Token.approve
DA:141,12
DA:142,12
DA:143,12
FN:150,AAE_Token.allowance
FNDA:10,AAE_Token.allowance
DA:154,10
FN:161,AAE_Token.increaseAllowance
FNDA:2,AAE_Token.increaseAllowance
DA:165,2
BRDA:165,8,0,1
BRDA:165,8,1,1
DA:166,1
DA:169,1
DA:170,1
FN:177,AAE_Token.decreaseAllowance
FNDA:9,AAE_Token.decreaseAllowance
DA:181,9
BRDA:181,9,0,1
BRDA:181,9,1,8
DA:182,8
DA:183,8
BRDA:183,10,0,3
BRDA:183,10,1,5
DA:188,5
DA:190,5
DA:191,5
FNF:11
FNH:11
LF:42
LH:42
BRF:22
BRH:22
end_of_record
