TN:
SF:script/AAE_Token.s.sol
FN:15,AAE_TokenScript.setUp
FNDA:0,AAE_TokenScript.setUp
FN:19,AAE_TokenScript.run
FNDA:0,AAE_TokenScript.run
DA:21,0
DA:24,0
DA:27,0
DA:30,0
FNF:2
FNH:0
LF:4
LH:0
BRF:0
BRH:0
end_of_record
TN:
SF:src/AAE_Token.sol
FN:69,AAE_Token.transferOwnership
FNDA:4,AAE_Token.transferOwnership
DA:70,3
BRDA:70,0,0,2
BRDA:70,0,1,1
DA:71,1
DA:72,1
FN:77,AAE_Token.pause
FNDA:10,AAE_Token.pause
DA:78,9
DA:79,9
FN:84,AAE_Token.unpause
FNDA:3,AAE_Token.unpause
DA:85,2
DA:86,2
FN:92,AAE_Token.burn
FNDA:4,AAE_Token.burn
DA:93,2
BRDA:93,1,0,1
BRDA:93,1,1,1
DA:94,1
DA:95,1
DA:96,1
FN:104,AAE_Token.transfer
FNDA:139,AAE_Token.transfer
DA:105,135
BRDA:105,2,0,1
BRDA:105,2,1,134
DA:106,134
BRDA:106,3,0,2
BRDA:106,3,1,132
DA:108,132
DA:109,132
DA:110,132
DA:111,132
FN:117,AAE_Token.balanceOf
FNDA:51,AAE_Token.balanceOf
DA:118,51
FN:127,AAE_Token.transferFrom
FNDA:11,AAE_Token.transferFrom
DA:128,11
BRDA:128,4,0,1
BRDA:128,4,1,10
DA:129,10
BRDA:129,5,0,2
BRDA:129,5,1,8
DA:130,8
BRDA:130,6,0,3
BRDA:130,6,1,5
DA:131,5
BRDA:131,7,0,2
BRDA:131,7,1,3
DA:133,3
DA:134,3
DA:135,3
DA:136,3
DA:137,3
FN:145,AAE_Token.approve
FNDA:22,AAE_Token.approve
DA:146,18
DA:147,18
DA:148,18
FN:155,AAE_Token.allowance
FNDA:10,AAE_Token.allowance
DA:156,10
FN:159,AAE_Token.increaseAllowance
FNDA:6,AAE_Token.increaseAllowance
DA:160,6
BRDA:160,8,0,1
BRDA:160,8,1,5
DA:161,5
DA:162,4
DA:163,4
FN:166,AAE_Token.decreaseAllowance
FNDA:6,AAE_Token.decreaseAllowance
DA:167,6
BRDA:167,9,0,1
BRDA:167,9,1,5
DA:168,5
DA:169,5
BRDA:169,10,0,2
BRDA:169,10,1,3
DA:171,3
DA:174,3
DA:175,3
FNF:11
FNH:11
LF:41
LH:41
BRF:22
BRH:22
end_of_record
